<?xml version="1.0" encoding="UTF-8"?>
<urlset xmlns="http://www.sitemaps.org/schemas/sitemap/0.9">
  <!-- Valid HTTP(S) URLs -->
  <url>
    <loc>https://example.com/</loc>
  </url>
  <url>
    <loc>https://example.com/about</loc>
  </url>

  <!-- Disallowed Schemes -->
  <url>
    <loc>mailto:hello@example.com</loc>
  </url>
  <url>
    <loc>tel:+1234567890</loc>
  </url>
  <url>
    <loc>sms:+1234567890</loc>
  </url>
  <url>
    <loc>skype:live:username</loc>
  </url>
  <url>
    <loc>zoommtg://zoom.us/join?confno=123456789</loc>
  </url>
  <url>
    <loc>msteams://teams.microsoft.com/l/meetup-join/abc</loc>
  </url>
  <url>
    <loc>whatsapp://send?text=Hello</loc>
  </url>
  <url>
    <loc>slack://channel?id=xyz</loc>
  </url>
  <url>
    <loc>tg://msg?text=hi</loc>
  </url>
  <url>
    <loc>line://msg/text/hello</loc>
  </url>
  <url>
    <loc>meet://conference/room</loc>
  </url>
  <url>
    <loc>facetime://user@example.com</loc>
  </url>
  <url>
    <loc>imessage://user@example.com</loc>
  </url>
  <url>
    <loc>discord://channel/123</loc>
  </url>
  <url>
    <loc>sgnl://invite/abc</loc>
  </url>
  <url>
    <loc>webex://meeting/123</loc>
  </url>
  <url>
    <loc>intent://some-intent</loc>
  </url>
  <url>
    <loc>ms-outlook://calendar</loc>
  </url>
  <url>
    <loc>ms-word://doc</loc>
  </url>
  <url>
    <loc>ms-excel://sheet</loc>
  </url>
  <url>
    <loc>ms-powerpoint://presentation</loc>
  </url>
  <url>
    <loc>ms-office://open</loc>
  </url>
  <url>
    <loc>onenote://note</loc>
  </url>
  <url>
    <loc>vs://launch</loc>
  </url>
  <url>
    <loc>chrome-extension://abc123/index.html</loc>
  </url>
  <url>
    <loc>chrome-search://search?q=test</loc>
  </url>
  <url>
    <loc>chrome://settings/</loc>
  </url>
  <url>
    <loc>chrome-untrusted://example</loc>
  </url>
  <url>
    <loc>devtools://devtools/bundled/inspector.html</loc>
  </url>
  <url>
    <loc>isolated-app://app/index.html</loc>
  </url>
  <url>
    <loc>#</loc>
  </url>
</urlset>
